LiquidAndroid/user/build/intermediates/manifest_merge_blame_file/debug/manifest-merger-blame-debug-report.txt
1<?xml version="1.0" encoding="utf-8"?>
2<manifest xmlns:android="http://schemas.android.com/apk/res/android"
3    package="com.example.liquid"
4    android:versionCode="1"
5    android:versionName="1.0" >
6
7    <uses-sdk
8        android:minSdkVersion="17"
8-->src\main\AndroidManifest.xml
9        android:targetSdkVersion="30" />
9-->src\main\AndroidManifest.xml
10
11    <uses-permission android:name="android.permission.INTERNET" />
11-->src\main\AndroidManifest.xml:5:5-66
11-->src\main\AndroidManifest.xml:5:22-64
12    <uses-permission android:name="android.permission.ACCESS_NETWORK_STATE" />
12-->src\main\AndroidManifest.xml:6:5-79
12-->src\main\AndroidManifest.xml:6:22-76
13
14    <application
14-->src\main\AndroidManifest.xml:8:5-41:19
15        android:allowBackup="true"
15-->src\main\AndroidManifest.xml:9:9-35
16        android:appComponentFactory="androidx.core.app.CoreComponentFactory"
16-->[androidx.core:core:1.5.0] AndroidManifest.xml:24:18-86
17        android:debuggable="true"
18        android:icon="@mipmap/ic_launcher"
18-->src\main\AndroidManifest.xml:10:9-43
19        android:label="@string/app_name"
19-->src\main\AndroidManifest.xml:11:9-41
20        android:networkSecurityConfig="@xml/network_security_config"
20-->src\main\AndroidManifest.xml:13:9-69
21        android:roundIcon="@mipmap/ic_launcher_round"
21-->src\main\AndroidManifest.xml:14:9-54
22        android:supportsRtl="true"
22-->src\main\AndroidManifest.xml:15:9-35
23        android:testOnly="true"
24        android:theme="@style/Theme.Liquid"
24-->src\main\AndroidManifest.xml:16:9-44
25        android:usesCleartextTraffic="true" >
25-->src\main\AndroidManifest.xml:12:9-44
26        <activity
26-->src\main\AndroidManifest.xml:17:9-18:63
27            android:name="com.example.liquid.Appearance"
27-->src\main\AndroidManifest.xml:17:19-45
28            android:parentActivityName="com.example.liquid.HomePage" />
28-->src\main\AndroidManifest.xml:18:13-51
29        <activity
29-->src\main\AndroidManifest.xml:19:9-21:54
30            android:name="com.example.liquid.DetailsBuyShare"
30-->src\main\AndroidManifest.xml:20:13-44
31            android:parentActivityName="com.example.liquid.HomePage" />
31-->src\main\AndroidManifest.xml:21:13-51
32        <activity android:name="com.example.liquid.HomePage" />
32-->src\main\AndroidManifest.xml:22:9-46
32-->src\main\AndroidManifest.xml:22:19-43
33        <activity
33-->src\main\AndroidManifest.xml:23:9-25:57
34            android:name="com.example.liquid.Auth.Login"
34-->src\main\AndroidManifest.xml:24:13-39
35            android:parentActivityName="com.example.liquid.Auth.SignUp" />
35-->src\main\AndroidManifest.xml:25:13-54
36        <activity
36-->src\main\AndroidManifest.xml:26:9-28:60
37            android:name="com.example.liquid.Auth.SignUp"
37-->src\main\AndroidManifest.xml:27:13-40
38            android:parentActivityName="com.example.liquid.Auth.FirstPage" />
38-->src\main\AndroidManifest.xml:28:13-57
39        <activity android:name="com.example.liquid.Auth.FirstPage" />
39-->src\main\AndroidManifest.xml:29:9-52
39-->src\main\AndroidManifest.xml:29:19-49
40        <activity android:name="com.example.liquid.Auth.Splash" >
40-->src\main\AndroidManifest.xml:30:9-36:20
40-->src\main\AndroidManifest.xml:30:19-46
41            <intent-filter>
41-->src\main\AndroidManifest.xml:31:13-35:29
42                <action android:name="android.intent.action.MAIN" />
42-->src\main\AndroidManifest.xml:32:17-69
42-->src\main\AndroidManifest.xml:32:25-66
43
44                <category android:name="android.intent.category.LAUNCHER" />
44-->src\main\AndroidManifest.xml:34:17-77
44-->src\main\AndroidManifest.xml:34:27-74
45            </intent-filter>
46        </activity>
47
48        <meta-data
48-->src\main\AndroidManifest.xml:38:9-40:57
49            android:name="preloaded_fonts"
49-->src\main\AndroidManifest.xml:39:13-43
50            android:resource="@array/preloaded_fonts" />
50-->src\main\AndroidManifest.xml:40:13-54
51    </application>
52
53</manifest>